<?xml version="1.0" encoding="UTF-8"?>
<testsuite name="com.example.TestingZoomRestSpring.testingZoomRestSpring.TestingEvaluationFunctionsForMockedRoutes" tests="7" skipped="0" failures="0" errors="0" timestamp="2021-11-18T00:21:45" hostname="C02DV5L6ML85.local" time="0.274">
  <properties/>
  <testcase name="testEvaluationOfGettingOnlyAvailableRoutes()" classname="com.example.TestingZoomRestSpring.testingZoomRestSpring.TestingEvaluationFunctionsForMockedRoutes" time="0.248"/>
  <testcase name="getShortestTimeTraveling_AvailableDirect_Route()" classname="com.example.TestingZoomRestSpring.testingZoomRestSpring.TestingEvaluationFunctionsForMockedRoutes" time="0.004"/>
  <testcase name="getLowestPrice_AvailableDirect_Route()" classname="com.example.TestingZoomRestSpring.testingZoomRestSpring.TestingEvaluationFunctionsForMockedRoutes" time="0.002"/>
  <testcase name="testEvaluationOfGettingOnlyDirectRoutesAndOnlyAvailable()" classname="com.example.TestingZoomRestSpring.testingZoomRestSpring.TestingEvaluationFunctionsForMockedRoutes" time="0.004"/>
  <testcase name="testEvaluationOfGettingAllRoutes()" classname="com.example.TestingZoomRestSpring.testingZoomRestSpring.TestingEvaluationFunctionsForMockedRoutes" time="0.002"/>
  <testcase name="testEvaluationOfGettingOnlyDirectRoutes()" classname="com.example.TestingZoomRestSpring.testingZoomRestSpring.TestingEvaluationFunctionsForMockedRoutes" time="0.002"/>
  <testcase name="getFastestArrival_AvailableDirect_Route()" classname="com.example.TestingZoomRestSpring.testingZoomRestSpring.TestingEvaluationFunctionsForMockedRoutes" time="0.002"/>
  <system-out><![CDATA[01:21:43.484 [Test worker] DEBUG org.springframework.test.context.BootstrapUtils - Instantiating CacheAwareContextLoaderDelegate from class [org.springframework.test.context.cache.DefaultCacheAwareContextLoaderDelegate]
01:21:43.496 [Test worker] DEBUG org.springframework.test.context.BootstrapUtils - Instantiating BootstrapContext using constructor [public org.springframework.test.context.support.DefaultBootstrapContext(java.lang.Class,org.springframework.test.context.CacheAwareContextLoaderDelegate)]
01:21:43.527 [Test worker] DEBUG org.springframework.test.context.BootstrapUtils - Instantiating TestContextBootstrapper for test class [com.example.TestingZoomRestSpring.testingZoomRestSpring.TestingEvaluationFunctionsForMockedRoutes] from class [org.springframework.boot.test.context.SpringBootTestContextBootstrapper]
01:21:43.538 [Test worker] INFO org.springframework.boot.test.context.SpringBootTestContextBootstrapper - Neither @ContextConfiguration nor @ContextHierarchy found for test class [com.example.TestingZoomRestSpring.testingZoomRestSpring.TestingEvaluationFunctionsForMockedRoutes], using SpringBootContextLoader
01:21:43.542 [Test worker] DEBUG org.springframework.test.context.support.AbstractContextLoader - Did not detect default resource location for test class [com.example.TestingZoomRestSpring.testingZoomRestSpring.TestingEvaluationFunctionsForMockedRoutes]: class path resource [com/example/TestingZoomRestSpring/testingZoomRestSpring/TestingEvaluationFunctionsForMockedRoutes-context.xml] does not exist
01:21:43.543 [Test worker] DEBUG org.springframework.test.context.support.AbstractContextLoader - Did not detect default resource location for test class [com.example.TestingZoomRestSpring.testingZoomRestSpring.TestingEvaluationFunctionsForMockedRoutes]: class path resource [com/example/TestingZoomRestSpring/testingZoomRestSpring/TestingEvaluationFunctionsForMockedRoutesContext.groovy] does not exist
01:21:43.543 [Test worker] INFO org.springframework.test.context.support.AbstractContextLoader - Could not detect default resource locations for test class [com.example.TestingZoomRestSpring.testingZoomRestSpring.TestingEvaluationFunctionsForMockedRoutes]: no resource found for suffixes {-context.xml, Context.groovy}.
01:21:43.544 [Test worker] INFO org.springframework.test.context.support.AnnotationConfigContextLoaderUtils - Could not detect default configuration classes for test class [com.example.TestingZoomRestSpring.testingZoomRestSpring.TestingEvaluationFunctionsForMockedRoutes]: TestingEvaluationFunctionsForMockedRoutes does not declare any static, non-private, non-final, nested classes annotated with @Configuration.
01:21:43.589 [Test worker] DEBUG org.springframework.test.context.support.ActiveProfilesUtils - Could not find an 'annotation declaring class' for annotation type [org.springframework.test.context.ActiveProfiles] and class [com.example.TestingZoomRestSpring.testingZoomRestSpring.TestingEvaluationFunctionsForMockedRoutes]
01:21:43.647 [Test worker] DEBUG org.springframework.context.annotation.ClassPathScanningCandidateComponentProvider - Identified candidate component class: file [/Users/norbert.kica/Sourcetree/TestingRegiojetBackEndSpring/build/classes/java/main/com/example/TestingZoomRestSpring/testingZoomRestSpring/TestingZoomRestSpringApplication.class]
01:21:43.648 [Test worker] INFO org.springframework.boot.test.context.SpringBootTestContextBootstrapper - Found @SpringBootConfiguration com.example.TestingZoomRestSpring.testingZoomRestSpring.TestingZoomRestSpringApplication for test class com.example.TestingZoomRestSpring.testingZoomRestSpring.TestingEvaluationFunctionsForMockedRoutes
01:21:43.732 [Test worker] DEBUG org.springframework.boot.test.context.SpringBootTestContextBootstrapper - @TestExecutionListeners is not present for class [com.example.TestingZoomRestSpring.testingZoomRestSpring.TestingEvaluationFunctionsForMockedRoutes]: using defaults.
01:21:43.733 [Test worker] INFO org.springframework.boot.test.context.SpringBootTestContextBootstrapper - Loaded default TestExecutionListener class names from location [META-INF/spring.factories]: [org.springframework.boot.test.autoconfigure.restdocs.RestDocsTestExecutionListener, org.springframework.boot.test.autoconfigure.web.client.MockRestServiceServerResetTestExecutionListener, org.springframework.boot.test.autoconfigure.web.servlet.MockMvcPrintOnlyOnFailureTestExecutionListener, org.springframework.boot.test.autoconfigure.web.servlet.WebDriverTestExecutionListener, org.springframework.boot.test.autoconfigure.webservices.client.MockWebServiceServerTestExecutionListener, org.springframework.boot.test.mock.mockito.MockitoTestExecutionListener, org.springframework.boot.test.mock.mockito.ResetMocksTestExecutionListener, org.springframework.test.context.web.ServletTestExecutionListener, org.springframework.test.context.support.DirtiesContextBeforeModesTestExecutionListener, org.springframework.test.context.event.ApplicationEventsTestExecutionListener, org.springframework.test.context.support.DependencyInjectionTestExecutionListener, org.springframework.test.context.support.DirtiesContextTestExecutionListener, org.springframework.test.context.transaction.TransactionalTestExecutionListener, org.springframework.test.context.jdbc.SqlScriptsTestExecutionListener, org.springframework.test.context.event.EventPublishingTestExecutionListener]
01:21:43.745 [Test worker] DEBUG org.springframework.boot.test.context.SpringBootTestContextBootstrapper - Skipping candidate TestExecutionListener [org.springframework.test.context.transaction.TransactionalTestExecutionListener] due to a missing dependency. Specify custom listener classes or make the default listener classes and their required dependencies available. Offending class: [org/springframework/transaction/interceptor/TransactionAttributeSource]
01:21:43.746 [Test worker] DEBUG org.springframework.boot.test.context.SpringBootTestContextBootstrapper - Skipping candidate TestExecutionListener [org.springframework.test.context.jdbc.SqlScriptsTestExecutionListener] due to a missing dependency. Specify custom listener classes or make the default listener classes and their required dependencies available. Offending class: [org/springframework/transaction/interceptor/TransactionAttribute]
01:21:43.746 [Test worker] INFO org.springframework.boot.test.context.SpringBootTestContextBootstrapper - Using TestExecutionListeners: [org.springframework.test.context.web.ServletTestExecutionListener@502f1f4c, org.springframework.test.context.support.DirtiesContextBeforeModesTestExecutionListener@6f8f9349, org.springframework.test.context.event.ApplicationEventsTestExecutionListener@75c9e76b, org.springframework.boot.test.mock.mockito.MockitoTestExecutionListener@7446d8d5, org.springframework.boot.test.autoconfigure.SpringBootDependencyInjectionTestExecutionListener@5c3b6c6e, org.springframework.test.context.support.DirtiesContextTestExecutionListener@4fbda97b, org.springframework.test.context.event.EventPublishingTestExecutionListener@75f5fd58, org.springframework.boot.test.autoconfigure.restdocs.RestDocsTestExecutionListener@37b70343, org.springframework.boot.test.autoconfigure.web.client.MockRestServiceServerResetTestExecutionListener@306851c7, org.springframework.boot.test.autoconfigure.web.servlet.MockMvcPrintOnlyOnFailureTestExecutionListener@12bcd0c0, org.springframework.boot.test.autoconfigure.web.servlet.WebDriverTestExecutionListener@4879f0f2, org.springframework.boot.test.autoconfigure.webservices.client.MockWebServiceServerTestExecutionListener@47db5fa5, org.springframework.boot.test.mock.mockito.ResetMocksTestExecutionListener@354fc8f0]
01:21:43.750 [Test worker] DEBUG org.springframework.test.context.support.AbstractDirtiesContextTestExecutionListener - Before test class: context [DefaultTestContext@4fc5e095 testClass = TestingEvaluationFunctionsForMockedRoutes, testInstance = [null], testMethod = [null], testException = [null], mergedContextConfiguration = [WebMergedContextConfiguration@435871cb testClass = TestingEvaluationFunctionsForMockedRoutes, locations = '{}', classes = '{class com.example.TestingZoomRestSpring.testingZoomRestSpring.TestingZoomRestSpringApplication}', contextInitializerClasses = '[]', activeProfiles = '{}', propertySourceLocations = '{}', propertySourceProperties = '{org.springframework.boot.test.context.SpringBootTestContextBootstrapper=true}', contextCustomizers = set[org.springframework.boot.test.autoconfigure.actuate.metrics.MetricsExportContextCustomizerFactory$DisableMetricExportContextCustomizer@600b9d27, org.springframework.boot.test.autoconfigure.properties.PropertyMappingContextCustomizer@0, org.springframework.boot.test.autoconfigure.web.servlet.WebDriverContextCustomizerFactory$Customizer@1efe439d, org.springframework.boot.test.context.filter.ExcludeFilterContextCustomizer@413f69cc, org.springframework.boot.test.json.DuplicateJsonObjectContextCustomizerFactory$DuplicateJsonObjectContextCustomizer@1984b1f, org.springframework.boot.test.mock.mockito.MockitoContextCustomizer@0, org.springframework.boot.test.web.client.TestRestTemplateContextCustomizer@30c93896, org.springframework.boot.test.web.reactive.server.WebTestClientContextCustomizer@2796aeae, org.springframework.boot.test.context.SpringBootTestArgs@1, org.springframework.boot.test.context.SpringBootTestWebEnvironment@2d2ffcb7], resourceBasePath = 'src/main/webapp', contextLoader = 'org.springframework.boot.test.context.SpringBootContextLoader', parent = [null]], attributes = map['org.springframework.test.context.web.ServletTestExecutionListener.activateListener' -> true]], class annotated with @DirtiesContext [false] with mode [null].
01:21:43.787 [Test worker] DEBUG org.springframework.test.context.support.TestPropertySourceUtils - Adding inlined properties to environment: {spring.jmx.enabled=false, org.springframework.boot.test.context.SpringBootTestContextBootstrapper=true}

  .   ____          _            __ _ _
 /\\ / ___'_ __ _ _(_)_ __  __ _ \ \ \ \
( ( )\___ | '_ | '_| | '_ \/ _` | \ \ \ \
 \\/  ___)| |_)| | | | | || (_| |  ) ) ) )
  '  |____| .__|_| |_|_| |_\__, | / / / /
 =========|_|==============|___/=/_/_/_/
 :: Spring Boot ::                (v2.5.6)

2021-11-18 01:21:43.996  INFO 5528 --- [    Test worker] estingEvaluationFunctionsForMockedRoutes : Starting TestingEvaluationFunctionsForMockedRoutes using Java 16 on C02DV5L6ML85.local with PID 5528 (started by norbert.kica in /Users/norbert.kica/Sourcetree/TestingRegiojetBackEndSpring)
2021-11-18 01:21:43.998  INFO 5528 --- [    Test worker] estingEvaluationFunctionsForMockedRoutes : No active profile set, falling back to default profiles: default
2021-11-18 01:21:45.511  INFO 5528 --- [    Test worker] estingEvaluationFunctionsForMockedRoutes : Started TestingEvaluationFunctionsForMockedRoutes in 1.717 seconds (JVM running for 2.727)
]]></system-out>
  <system-err><![CDATA[]]></system-err>
</testsuite>
